c:\users\alpha\source\repos\test_visual_studio\assignment3\assignment3.build\assignment.dir\debug\vc142.pdb
c:\users\alpha\source\repos\test_visual_studio\assignment3\assignment3.build\assignment.dir\debug\cassignment3.obj
c:\users\alpha\source\repos\test_visual_studio\assignment3\assignment3.build\assignment.dir\debug\main.obj
c:\users\alpha\source\repos\test_visual_studio\assignment3\assignment3.build\assignment.dir\debug\pfm.obj
c:\users\alpha\source\repos\test_visual_studio\assignment3\assignment3.build\assignment.dir\debug\chistogramtask.obj
c:\users\alpha\source\repos\test_visual_studio\assignment3\assignment3.build\assignment.dir\debug\cconvolutiontaskbase.obj
c:\users\alpha\source\repos\test_visual_studio\assignment3\assignment3.build\assignment.dir\debug\cconvolutionseparabletask.obj
c:\users\alpha\source\repos\test_visual_studio\assignment3\assignment3.build\assignment.dir\debug\cconvolutionbilateraltask.obj
c:\users\alpha\source\repos\test_visual_studio\assignment3\assignment3.build\assignment.dir\debug\cconvolution3x3task.obj
c:\users\alpha\source\repos\test_visual_studio\assignment3\assignment3.build\cmakefiles\generate.stamp
c:\users\alpha\source\repos\test_visual_studio\assignment3\assignment3.build\debug\assignment.exe
c:\users\alpha\source\repos\test_visual_studio\assignment3\assignment3.build\debug\assignment.ilk
c:\users\alpha\source\repos\test_visual_studio\assignment3\assignment3.build\debug\assignment.pdb
c:\users\alpha\source\repos\test_visual_studio\assignment3\assignment3.build\assignment.dir\debug\assignment.tlog\cl.command.1.tlog
c:\users\alpha\source\repos\test_visual_studio\assignment3\assignment3.build\assignment.dir\debug\assignment.tlog\cl.read.1.tlog
c:\users\alpha\source\repos\test_visual_studio\assignment3\assignment3.build\assignment.dir\debug\assignment.tlog\cl.write.1.tlog
c:\users\alpha\source\repos\test_visual_studio\assignment3\assignment3.build\assignment.dir\debug\assignment.tlog\custombuild.command.1.tlog
c:\users\alpha\source\repos\test_visual_studio\assignment3\assignment3.build\assignment.dir\debug\assignment.tlog\custombuild.read.1.tlog
c:\users\alpha\source\repos\test_visual_studio\assignment3\assignment3.build\assignment.dir\debug\assignment.tlog\custombuild.write.1.tlog
c:\users\alpha\source\repos\test_visual_studio\assignment3\assignment3.build\assignment.dir\debug\assignment.tlog\link.command.1.tlog
c:\users\alpha\source\repos\test_visual_studio\assignment3\assignment3.build\assignment.dir\debug\assignment.tlog\link.read.1.tlog
c:\users\alpha\source\repos\test_visual_studio\assignment3\assignment3.build\assignment.dir\debug\assignment.tlog\link.write.1.tlog
